  [4;36;1mSQL (0.2ms)[0m   [0;1m SELECT name
 FROM sqlite_master
 WHERE type = 'table' AND NOT name = 'sqlite_sequence'
[0m
  [4;35;1mSQL (0.1ms)[0m   [0mselect sqlite_version(*)[0m
  [4;36;1mSQL (1.7ms)[0m   [0;1mCREATE TABLE "schema_migrations" ("version" varchar(255) NOT NULL) [0m
  [4;35;1mSQL (0.1ms)[0m   [0mPRAGMA index_list("schema_migrations")[0m
  [4;36;1mSQL (33.2ms)[0m   [0;1mCREATE UNIQUE INDEX "unique_schema_migrations" ON "schema_migrations" ("version")[0m
  [4;35;1mSQL (0.2ms)[0m   [0m SELECT name
 FROM sqlite_master
 WHERE type = 'table' AND NOT name = 'sqlite_sequence'
[0m
  [4;36;1mSQL (0.1ms)[0m   [0;1mSELECT version FROM schema_migrations[0m
Migrating to CreateUsers (20100815220613)
  [4;36;1mSQL (0.3ms)[0m   [0;1m SELECT name
 FROM sqlite_master
 WHERE type = 'table' AND NOT name = 'sqlite_sequence'
[0m
  [4;35;1mSQL (0.1ms)[0m   [0mSELECT version FROM schema_migrations[0m
Migrating to CreateUsers (20100815220613)
  [4;36;1mSQL (0.1ms)[0m   [0;1mselect sqlite_version(*)[0m
  [4;35;1mSQL (0.5ms)[0m   [0mCREATE TABLE "users" ("id" INTEGER PRIMARY KEY AUTOINCREMENT NOT NULL, "plan" varchar(255), "name" varchar(255), "address" varchar(255), "phone" varchar(255), "created_at" datetime, "updated_at" datetime) [0m
  [4;36;1mSQL (0.1ms)[0m   [0;1mINSERT INTO schema_migrations (version) VALUES ('20100815220613')[0m
  [4;35;1mSQL (0.2ms)[0m   [0m SELECT name
 FROM sqlite_master
 WHERE type = 'table' AND NOT name = 'sqlite_sequence'
[0m
  [4;36;1mSQL (0.1ms)[0m   [0;1mSELECT version FROM schema_migrations[0m
  [4;35;1mSQL (0.1ms)[0m   [0m SELECT name
 FROM sqlite_master
 WHERE type = 'table' AND NOT name = 'sqlite_sequence'
[0m
  [4;36;1mSQL (0.0ms)[0m   [0;1mPRAGMA index_list("users")[0m


Processing ApplicationController#index (for 127.0.0.1 at 2010-08-15 15:11:54) [GET]

ActionController::RoutingError (No route matches "/" with {:method=>:get}):
  

Rendering rescues/layout (not_found)


Processing UsersController#index (for 127.0.0.1 at 2010-08-15 15:11:58) [GET]
  [4;36;1mUser Load (0.3ms)[0m   [0;1mSELECT * FROM "users" [0m
Rendering template within layouts/users
Rendering users/index
Completed in 21ms (View: 16, DB: 0) | 200 OK [http://localhost/users]
  [4;36;1mSQL (0.4ms)[0m   [0;1m SELECT name
 FROM sqlite_master
 WHERE type = 'table' AND NOT name = 'sqlite_sequence'
[0m
  [4;35;1mSQL (0.1ms)[0m   [0mSELECT version FROM schema_migrations[0m
Migrating to CreateUsers (20100815220613)
Migrating to AddAvatarsColumnToUser (20100815221906)
  [4;36;1mSQL (0.1ms)[0m   [0;1mselect sqlite_version(*)[0m
  [4;35;1mSQL (0.5ms)[0m   [0mALTER TABLE "users" ADD "avatar_file_name" varchar(255)[0m
  [4;36;1mSQL (0.2ms)[0m   [0;1mALTER TABLE "users" ADD "avatar_content_type" varchar(255)[0m
  [4;35;1mSQL (0.2ms)[0m   [0mALTER TABLE "users" ADD "avatar_file_size" integer[0m
  [4;36;1mSQL (0.2ms)[0m   [0;1mALTER TABLE "users" ADD "avatar_updated_at" datetime[0m
  [4;35;1mSQL (0.1ms)[0m   [0mINSERT INTO schema_migrations (version) VALUES ('20100815221906')[0m
  [4;36;1mSQL (0.2ms)[0m   [0;1m SELECT name
 FROM sqlite_master
 WHERE type = 'table' AND NOT name = 'sqlite_sequence'
[0m
  [4;35;1mSQL (0.1ms)[0m   [0mSELECT version FROM schema_migrations[0m
  [4;36;1mSQL (0.1ms)[0m   [0;1m SELECT name
 FROM sqlite_master
 WHERE type = 'table' AND NOT name = 'sqlite_sequence'
[0m
  [4;35;1mSQL (0.1ms)[0m   [0mPRAGMA index_list("users")[0m


Processing UsersController#index (for 127.0.0.1 at 2010-08-15 15:20:03) [GET]
  [4;35;1mSQL (0.4ms)[0m   [0m SELECT name
 FROM sqlite_master
 WHERE type = 'table' AND NOT name = 'sqlite_sequence'
[0m
  [4;36;1mSQL (0.2ms)[0m   [0;1m SELECT name
 FROM sqlite_master
 WHERE type = 'table' AND NOT name = 'sqlite_sequence'
[0m

NoMethodError (undefined method `has_attached_file' for #<Class:0x10435fa48>):
  app/models/user.rb:2
  app/controllers/users_controller.rb:5:in `index'

Rendered rescues/_trace (40.0ms)
Rendered rescues/_request_and_response (1.2ms)
Rendering rescues/layout (internal_server_error)


Processing UsersController#index (for 127.0.0.1 at 2010-08-15 15:21:09) [GET]
  [4;36;1mUser Load (0.4ms)[0m   [0;1mSELECT * FROM "users" [0m
Rendering template within layouts/users
Rendering users/index
Completed in 18ms (View: 13, DB: 0) | 200 OK [http://localhost/users]


Processing UsersController#new (for 127.0.0.1 at 2010-08-15 15:21:11) [GET]
Rendering template within layouts/users
Rendering users/new
Completed in 23ms (View: 18, DB: 0) | 200 OK [http://localhost/users/new]


Processing UsersController#create (for 127.0.0.1 at 2010-08-15 15:21:39) [POST]
  Parameters: {"commit"=>"Create", "authenticity_token"=>"3QAYSYRt+FL7qAoJ64y96eEp7mZH8a8Pn/zHEsbLXks=", "user"=>{"address"=>"920 Santa Monica Blvd", "name"=>"BIll", "plan"=>"Basic", "phone"=>"5636634410"}}
  [4;35;1mUser Create (0.5ms)[0m   [0mINSERT INTO "users" ("plan", "name", "address", "created_at", "avatar_file_name", "avatar_file_size", "updated_at", "avatar_content_type", "phone", "avatar_updated_at") VALUES('Basic', 'BIll', '920 Santa Monica Blvd', '2010-08-15 22:21:39', NULL, NULL, '2010-08-15 22:21:39', NULL, '5636634410', NULL)[0m
[paperclip] Saving attachments.
Redirected to http://localhost:3000/users/1
Completed in 36ms (DB: 0) | 302 Found [http://localhost/users]


Processing UsersController#show (for 127.0.0.1 at 2010-08-15 15:21:39) [GET]
  Parameters: {"id"=>"1"}
  [4;36;1mUser Load (2.3ms)[0m   [0;1mSELECT * FROM "users" WHERE ("users"."id" = 1) [0m
Rendering template within layouts/users
Rendering users/show
Completed in 32ms (View: 12, DB: 2) | 200 OK [http://localhost/users/1]


Processing UsersController#index (for 127.0.0.1 at 2010-08-15 15:21:43) [GET]
  [4;35;1mUser Load (0.4ms)[0m   [0mSELECT * FROM "users" [0m
Rendering template within layouts/users
Rendering users/index
Completed in 11ms (View: 6, DB: 0) | 200 OK [http://localhost/users]


Processing UsersController#index (for 127.0.0.1 at 2010-08-15 15:25:53) [GET]
  [4;36;1mUser Load (0.4ms)[0m   [0;1mSELECT * FROM "users" [0m
Rendering template within layouts/users
Rendering users/index
Completed in 76ms (View: 71, DB: 0) | 200 OK [http://localhost/users]


Processing UsersController#edit (for 127.0.0.1 at 2010-08-15 15:25:57) [GET]
  Parameters: {"id"=>"1"}
  [4;35;1mUser Load (0.2ms)[0m   [0mSELECT * FROM "users" WHERE ("users"."id" = 1) [0m
Rendering template within layouts/users
Rendering users/edit
Rendered users/_avatar_loader (1.7ms)
Completed in 23ms (View: 18, DB: 0) | 200 OK [http://localhost/users/1/edit]


Processing UsersController#edit (for 127.0.0.1 at 2010-08-15 15:27:20) [GET]
  Parameters: {"id"=>"1"}
  [4;36;1mUser Load (0.2ms)[0m   [0;1mSELECT * FROM "users" WHERE ("users"."id" = 1) [0m
Rendering template within layouts/users
Rendering users/edit

ActionView::TemplateError (wrong number of arguments (0 for 1)) on line #2 of app/views/users/_avatar_loader.html.erb:
1: 
2: <%= form.file_field :avatar %>

    app/views/users/_avatar_loader.html.erb:2:in `form'
    app/views/users/_avatar_loader.html.erb:2
    app/views/users/edit.html.erb:22
    app/views/users/edit.html.erb:3

Rendered rescues/_trace (123.3ms)
Rendered rescues/_request_and_response (1.2ms)
Rendering rescues/layout (internal_server_error)


Processing UsersController#edit (for 127.0.0.1 at 2010-08-15 15:29:55) [GET]
  Parameters: {"id"=>"1"}
  [4;35;1mUser Load (0.2ms)[0m   [0mSELECT * FROM "users" WHERE ("users"."id" = 1) [0m
Rendering template within layouts/users
Rendering users/edit
Rendered users/_avatar_loader (0.7ms)
Completed in 23ms (View: 17, DB: 0) | 200 OK [http://localhost/users/1/edit]


Processing ApplicationController#index (for 127.0.0.1 at 2010-08-15 15:30:02) [POST]
  Parameters: {"commit"=>"Update", "authenticity_token"=>"3QAYSYRt+FL7qAoJ64y96eEp7mZH8a8Pn/zHEsbLXks=", "user"=>{"address"=>"920 Santa Monica Blvd", "name"=>"BIll", "plan"=>"Basic", "avatar"=>#<File:/var/folders/eK/eKqWFpU+HFapFnSSdk5h4U+++TI/-Tmp-/RackMultipart20100815-66812-1lrm5sx-0>, "phone"=>"5636634410"}}

ActionController::MethodNotAllowed (Only get, put, and delete requests are allowed.):
  

Rendered rescues/_trace (23.9ms)
Rendered rescues/_request_and_response (0.5ms)
Rendering rescues/layout (method_not_allowed)


Processing ApplicationController#index (for 127.0.0.1 at 2010-08-15 15:30:59) [POST]
  Parameters: {"commit"=>"Update", "authenticity_token"=>"3QAYSYRt+FL7qAoJ64y96eEp7mZH8a8Pn/zHEsbLXks=", "user"=>{"address"=>"920 Santa Monica Blvd", "name"=>"BIll", "plan"=>"Basic", "avatar"=>#<File:/var/folders/eK/eKqWFpU+HFapFnSSdk5h4U+++TI/-Tmp-/RackMultipart20100815-66812-1id6qzg-0>, "phone"=>"5636634410"}}

ActionController::MethodNotAllowed (Only get, put, and delete requests are allowed.):
  

Rendered rescues/_trace (95.0ms)
Rendered rescues/_request_and_response (0.5ms)
Rendering rescues/layout (method_not_allowed)


Processing ApplicationController#index (for 127.0.0.1 at 2010-08-15 15:31:11) [POST]
  Parameters: {"commit"=>"Update", "authenticity_token"=>"3QAYSYRt+FL7qAoJ64y96eEp7mZH8a8Pn/zHEsbLXks=", "user"=>{"address"=>"920 Santa Monica Blvd", "name"=>"BIll", "plan"=>"Basic", "avatar"=>#<File:/var/folders/eK/eKqWFpU+HFapFnSSdk5h4U+++TI/-Tmp-/RackMultipart20100815-66812-nte4qw-0>, "phone"=>"5636634410"}}

ActionController::MethodNotAllowed (Only get, put, and delete requests are allowed.):
  

Rendered rescues/_trace (24.0ms)
Rendered rescues/_request_and_response (0.5ms)
Rendering rescues/layout (method_not_allowed)


Processing UsersController#edit (for 127.0.0.1 at 2010-08-15 15:31:52) [GET]
  Parameters: {"id"=>"1"}
  [4;36;1mUser Load (0.2ms)[0m   [0;1mSELECT * FROM "users" WHERE ("users"."id" = 1) [0m
Rendering template within layouts/users
Rendering users/edit
Rendered users/_avatar_loader (0.3ms)
Completed in 19ms (View: 13, DB: 0) | 200 OK [http://localhost/users/1/edit]


Processing UsersController#edit (for 127.0.0.1 at 2010-08-15 15:31:53) [GET]
  Parameters: {"id"=>"1"}
  [4;35;1mUser Load (0.3ms)[0m   [0mSELECT * FROM "users" WHERE ("users"."id" = 1) [0m
Rendering template within layouts/users
Rendering users/edit
Rendered users/_avatar_loader (0.2ms)
Completed in 15ms (View: 9, DB: 0) | 200 OK [http://localhost/users/1/edit]


Processing UsersController#edit (for 127.0.0.1 at 2010-08-15 15:31:53) [GET]
  Parameters: {"id"=>"1"}
  [4;36;1mUser Load (0.2ms)[0m   [0;1mSELECT * FROM "users" WHERE ("users"."id" = 1) [0m
Rendering template within layouts/users
Rendering users/edit
Rendered users/_avatar_loader (0.2ms)
Completed in 15ms (View: 9, DB: 0) | 200 OK [http://localhost/users/1/edit]


Processing UsersController#edit (for 127.0.0.1 at 2010-08-15 15:31:53) [GET]
  Parameters: {"id"=>"1"}
  [4;35;1mUser Load (0.2ms)[0m   [0mSELECT * FROM "users" WHERE ("users"."id" = 1) [0m
Rendering template within layouts/users
Rendering users/edit
Rendered users/_avatar_loader (0.3ms)
Completed in 95ms (View: 88, DB: 0) | 200 OK [http://localhost/users/1/edit]


Processing UsersController#update (for 127.0.0.1 at 2010-08-15 15:32:01) [PUT]
  Parameters: {"commit"=>"Update", "authenticity_token"=>"3QAYSYRt+FL7qAoJ64y96eEp7mZH8a8Pn/zHEsbLXks=", "id"=>"1", "user"=>{"address"=>"920 Santa Monica Blvd", "name"=>"BIll", "plan"=>"Basic", "avatar"=>#<File:/var/folders/eK/eKqWFpU+HFapFnSSdk5h4U+++TI/-Tmp-/RackMultipart20100815-66812-1pggule-0>, "phone"=>"5636634410"}}
  [4;36;1mUser Load (0.2ms)[0m   [0;1mSELECT * FROM "users" WHERE ("users"."id" = 1) [0m
[paperclip] identify -format %wx%h '/var/folders/eK/eKqWFpU+HFapFnSSdk5h4U+++TI/-Tmp-/stream,66812,0.jpeg[0]'
[paperclip] An error was received while processing: #<Paperclip::CommandNotFoundError: Paperclip::CommandNotFoundError>
[paperclip] identify -format %wx%h '/var/folders/eK/eKqWFpU+HFapFnSSdk5h4U+++TI/-Tmp-/stream,66812,0.jpeg[0]'
[paperclip] An error was received while processing: #<Paperclip::CommandNotFoundError: Paperclip::CommandNotFoundError>
Rendering template within layouts/users
Rendering users/edit
Rendered users/_avatar_loader (0.6ms)
Completed in 161ms (View: 20, DB: 0) | 200 OK [http://localhost/users/1]


Processing UsersController#index (for 127.0.0.1 at 2010-08-15 15:32:40) [GET]
  [4;36;1mUser Load (0.5ms)[0m   [0;1mSELECT * FROM "users" [0m
Rendering template within layouts/users
Rendering users/index
Completed in 24ms (View: 19, DB: 1) | 200 OK [http://localhost/users]


Processing UsersController#edit (for 127.0.0.1 at 2010-08-15 15:32:42) [GET]
  Parameters: {"id"=>"1"}
  [4;35;1mUser Load (0.2ms)[0m   [0mSELECT * FROM "users" WHERE ("users"."id" = 1) [0m
Rendering template within layouts/users
Rendering users/edit
Rendered users/_avatar_loader (0.7ms)
Completed in 25ms (View: 19, DB: 0) | 200 OK [http://localhost/users/1/edit]


Processing UsersController#update (for 127.0.0.1 at 2010-08-15 15:32:50) [PUT]
  Parameters: {"commit"=>"Update", "authenticity_token"=>"3QAYSYRt+FL7qAoJ64y96eEp7mZH8a8Pn/zHEsbLXks=", "id"=>"1", "user"=>{"address"=>"920 Santa Monica Blvd", "name"=>"BIll", "plan"=>"Basic", "avatar"=>#<File:/var/folders/eK/eKqWFpU+HFapFnSSdk5h4U+++TI/-Tmp-/RackMultipart20100815-67077-1wyji4r-0>, "phone"=>"5636634410"}}
  [4;36;1mUser Load (0.2ms)[0m   [0;1mSELECT * FROM "users" WHERE ("users"."id" = 1) [0m
[paperclip] identify -format %wx%h '/var/folders/eK/eKqWFpU+HFapFnSSdk5h4U+++TI/-Tmp-/stream,67077,0.jpeg[0]'
[paperclip] An error was received while processing: #<Paperclip::CommandNotFoundError: Paperclip::CommandNotFoundError>
[paperclip] identify -format %wx%h '/var/folders/eK/eKqWFpU+HFapFnSSdk5h4U+++TI/-Tmp-/stream,67077,0.jpeg[0]'
[paperclip] An error was received while processing: #<Paperclip::CommandNotFoundError: Paperclip::CommandNotFoundError>
Rendering template within layouts/users
Rendering users/edit
Rendered users/_avatar_loader (0.4ms)
Completed in 49ms (View: 14, DB: 0) | 200 OK [http://localhost/users/1]


Processing UsersController#update (for 127.0.0.1 at 2010-08-15 15:33:48) [PUT]
  Parameters: {"commit"=>"Update", "authenticity_token"=>"3QAYSYRt+FL7qAoJ64y96eEp7mZH8a8Pn/zHEsbLXks=", "id"=>"1", "user"=>{"address"=>"920 Santa Monica Blvd", "name"=>"BIll", "plan"=>"Basic", "avatar"=>#<File:/var/folders/eK/eKqWFpU+HFapFnSSdk5h4U+++TI/-Tmp-/RackMultipart20100815-67077-17qjanv-0>, "phone"=>"5636634410"}}
  [4;35;1mUser Load (0.3ms)[0m   [0mSELECT * FROM "users" WHERE ("users"."id" = 1) [0m
  [4;36;1mUser Update (0.4ms)[0m   [0;1mUPDATE "users" SET "updated_at" = '2010-08-15 22:33:48', "avatar_file_size" = 85081, "avatar_file_name" = '00 Broken Bells - The High Road - 2010.jpeg', "avatar_updated_at" = '2010-08-15 22:33:48', "avatar_content_type" = 'image/jpeg' WHERE "id" = 1[0m
[paperclip] Saving attachments.
[paperclip] saving /Users/skierdb526/Dropbox/Mac and Ubuntu/Computer Science/Rails Bootcamp/ColoftMembership/public/system/avatars/1/original/00 Broken Bells - The High Road - 2010.jpeg
Redirected to http://localhost:3000/users/1
Completed in 143ms (DB: 1) | 302 Found [http://localhost/users/1]


Processing UsersController#show (for 127.0.0.1 at 2010-08-15 15:33:48) [GET]
  Parameters: {"id"=>"1"}
  [4;35;1mUser Load (0.3ms)[0m   [0mSELECT * FROM "users" WHERE ("users"."id" = 1) [0m
Rendering template within layouts/users
Rendering users/show
Completed in 77ms (View: 66, DB: 0) | 200 OK [http://localhost/users/1]


Processing ApplicationController#index (for 127.0.0.1 at 2010-08-15 15:33:48) [GET]
  Parameters: {"1281911628"=>nil}

ActionController::RoutingError (No route matches "/system/avatars/1/medium/00%20Broken%20Bells%20-%20The%20High%20Road%20-%202010.jpeg" with {:method=>:get}):
  

Rendering rescues/layout (not_found)


Processing ApplicationController#index (for 127.0.0.1 at 2010-08-15 15:33:48) [GET]
  Parameters: {"1281911628"=>nil}

ActionController::RoutingError (No route matches "/system/avatars/1/thumb/00%20Broken%20Bells%20-%20The%20High%20Road%20-%202010.jpeg" with {:method=>:get}):
  

Rendering rescues/layout (not_found)


Processing UsersController#show (for 127.0.0.1 at 2010-08-15 15:35:38) [GET]
  Parameters: {"id"=>"1"}
  [4;36;1mUser Load (0.2ms)[0m   [0;1mSELECT * FROM "users" WHERE ("users"."id" = 1) [0m
Rendering template within layouts/users
Rendering users/show
Completed in 16ms (View: 9, DB: 0) | 200 OK [http://localhost/users/1]


Processing UsersController#show (for 127.0.0.1 at 2010-08-15 15:35:54) [GET]
  Parameters: {"id"=>"1"}
  [4;35;1mUser Load (0.2ms)[0m   [0mSELECT * FROM "users" WHERE ("users"."id" = 1) [0m
Rendering template within layouts/users
Rendering users/show
Completed in 16ms (View: 9, DB: 0) | 200 OK [http://localhost/users/1]


Processing UsersController#index (for 127.0.0.1 at 2010-08-15 15:36:03) [GET]
  [4;36;1mUser Load (0.4ms)[0m   [0;1mSELECT * FROM "users" [0m
Rendering template within layouts/users
Rendering users/index
Completed in 12ms (View: 6, DB: 0) | 200 OK [http://localhost/users/]


Processing UsersController#index (for 127.0.0.1 at 2010-08-15 15:40:21) [GET]
  [4;35;1mUser Load (0.4ms)[0m   [0mSELECT * FROM "users" [0m
Rendering template within layouts/users
Rendering users/index

ActionView::TemplateError (undefined method `avatar' for nil:NilClass) on line #18 of app/views/users/index.html.erb:
15:     <td><%=h user.name %></td>
16:     <td><%=h user.address %></td>
17:     <td><%=h user.phone %></td>
18:     <td><%= image_tag @user.avatar.url %></td>
19:     <td><%= link_to 'Show', user %></td>
20:     <td><%= link_to 'Edit', edit_user_path(user) %></td>
21:     <td><%= link_to 'Destroy', user, :confirm => 'Are you sure?', :method => :delete %></td>

    app/views/users/index.html.erb:18
    app/views/users/index.html.erb:12:in `each'
    app/views/users/index.html.erb:12
    app/controllers/users_controller.rb:7:in `index'

Rendered rescues/_trace (43.9ms)
Rendered rescues/_request_and_response (1.2ms)
Rendering rescues/layout (internal_server_error)


Processing UsersController#index (for 127.0.0.1 at 2010-08-15 15:40:45) [GET]
  [4;36;1mUser Load (0.4ms)[0m   [0;1mSELECT * FROM "users" [0m
Rendering template within layouts/users
Rendering users/index
Completed in 17ms (View: 11, DB: 0) | 200 OK [http://localhost/users/]


Processing UsersController#index (for 127.0.0.1 at 2010-08-15 15:44:36) [GET]
  [4;35;1mUser Load (0.5ms)[0m   [0mSELECT * FROM "users" [0m
Rendering template within layouts/users
Rendering users/index
Completed in 19ms (View: 13, DB: 0) | 200 OK [http://localhost/users/]


Processing ApplicationController#index (for 127.0.0.1 at 2010-08-15 15:44:36) [GET]
  Parameters: {"1281911628"=>nil}

ActionController::RoutingError (No route matches "/system/avatars/1/optionsstyleheight:%20100;%20width:%20100/00%20Broken%20Bells%20-%20The%20High%20Road%20-%202010.jpeg" with {:method=>:get}):
  

Rendering rescues/layout (not_found)


Processing UsersController#index (for 127.0.0.1 at 2010-08-15 15:44:52) [GET]
  [4;36;1mUser Load (0.5ms)[0m   [0;1mSELECT * FROM "users" [0m
Rendering template within layouts/users
Rendering users/index
Completed in 17ms (View: 11, DB: 0) | 200 OK [http://localhost/users/]


Processing ApplicationController#index (for 127.0.0.1 at 2010-08-15 15:44:52) [GET]
  Parameters: {"1281911628"=>nil}

ActionController::RoutingError (No route matches "/system/avatars/1/optionsstyleheight:%20100px;%20width:%20100px/00%20Broken%20Bells%20-%20The%20High%20Road%20-%202010.jpeg" with {:method=>:get}):
  

Rendering rescues/layout (not_found)


Processing UsersController#index (for 127.0.0.1 at 2010-08-15 15:44:53) [GET]
  [4;35;1mUser Load (0.4ms)[0m   [0mSELECT * FROM "users" [0m
Rendering template within layouts/users
Rendering users/index
Completed in 13ms (View: 7, DB: 0) | 200 OK [http://localhost/users/]


Processing ApplicationController#index (for 127.0.0.1 at 2010-08-15 15:44:53) [GET]
  Parameters: {"1281911628"=>nil}

ActionController::RoutingError (No route matches "/system/avatars/1/optionsstyleheight:%20100px;%20width:%20100px/00%20Broken%20Bells%20-%20The%20High%20Road%20-%202010.jpeg" with {:method=>:get}):
  

Rendering rescues/layout (not_found)


Processing UsersController#index (for 127.0.0.1 at 2010-08-15 15:45:04) [GET]
  [4;36;1mUser Load (0.4ms)[0m   [0;1mSELECT * FROM "users" [0m
Rendering template within layouts/users
Rendering users/index
Completed in 16ms (View: 11, DB: 0) | 200 OK [http://localhost/users/]


Processing ApplicationController#index (for 127.0.0.1 at 2010-08-15 15:45:04) [GET]
  Parameters: {"1281911628"=>nil}

ActionController::RoutingError (No route matches "/system/avatars/1/optionsstyleheight:%20200px;%20width:%20200px/00%20Broken%20Bells%20-%20The%20High%20Road%20-%202010.jpeg" with {:method=>:get}):
  

Rendering rescues/layout (not_found)


Processing UsersController#index (for 127.0.0.1 at 2010-08-15 15:45:05) [GET]
  [4;35;1mUser Load (0.4ms)[0m   [0mSELECT * FROM "users" [0m
Rendering template within layouts/users
Rendering users/index
Completed in 13ms (View: 7, DB: 0) | 200 OK [http://localhost/users/]


Processing ApplicationController#index (for 127.0.0.1 at 2010-08-15 15:45:05) [GET]
  Parameters: {"1281911628"=>nil}

ActionController::RoutingError (No route matches "/system/avatars/1/optionsstyleheight:%20200px;%20width:%20200px/00%20Broken%20Bells%20-%20The%20High%20Road%20-%202010.jpeg" with {:method=>:get}):
  

Rendering rescues/layout (not_found)


Processing UsersController#index (for 127.0.0.1 at 2010-08-15 15:45:05) [GET]
  [4;36;1mUser Load (0.4ms)[0m   [0;1mSELECT * FROM "users" [0m
Rendering template within layouts/users
Rendering users/index
Completed in 12ms (View: 7, DB: 0) | 200 OK [http://localhost/users/]


Processing ApplicationController#index (for 127.0.0.1 at 2010-08-15 15:45:06) [GET]
  Parameters: {"1281911628"=>nil}

ActionController::RoutingError (No route matches "/system/avatars/1/optionsstyleheight:%20200px;%20width:%20200px/00%20Broken%20Bells%20-%20The%20High%20Road%20-%202010.jpeg" with {:method=>:get}):
  

Rendering rescues/layout (not_found)


Processing UsersController#index (for 127.0.0.1 at 2010-08-15 15:45:06) [GET]
  [4;35;1mUser Load (0.4ms)[0m   [0mSELECT * FROM "users" [0m
Rendering template within layouts/users
Rendering users/index
Completed in 12ms (View: 7, DB: 0) | 200 OK [http://localhost/users/]


Processing ApplicationController#index (for 127.0.0.1 at 2010-08-15 15:45:06) [GET]
  Parameters: {"1281911628"=>nil}

ActionController::RoutingError (No route matches "/system/avatars/1/optionsstyleheight:%20200px;%20width:%20200px/00%20Broken%20Bells%20-%20The%20High%20Road%20-%202010.jpeg" with {:method=>:get}):
  

Rendering rescues/layout (not_found)


Processing UsersController#index (for 127.0.0.1 at 2010-08-15 15:46:51) [GET]
  [4;36;1mUser Load (0.6ms)[0m   [0;1mSELECT * FROM "users" [0m
Rendering template within layouts/users
Rendering users/index
Completed in 17ms (View: 10, DB: 1) | 200 OK [http://localhost/users/]


Processing ApplicationController#index (for 127.0.0.1 at 2010-08-15 15:46:51) [GET]
  Parameters: {"1281911628"=>nil}

ActionController::RoutingError (No route matches "/system/avatars/1/size100x100/00%20Broken%20Bells%20-%20The%20High%20Road%20-%202010.jpeg" with {:method=>:get}):
  

Rendering rescues/layout (not_found)


Processing UsersController#index (for 127.0.0.1 at 2010-08-15 15:46:52) [GET]
  [4;35;1mUser Load (0.4ms)[0m   [0mSELECT * FROM "users" [0m
Rendering template within layouts/users
Rendering users/index
Completed in 13ms (View: 7, DB: 0) | 200 OK [http://localhost/users/]


Processing ApplicationController#index (for 127.0.0.1 at 2010-08-15 15:46:53) [GET]
  Parameters: {"1281911628"=>nil}

ActionController::RoutingError (No route matches "/system/avatars/1/size100x100/00%20Broken%20Bells%20-%20The%20High%20Road%20-%202010.jpeg" with {:method=>:get}):
  

Rendering rescues/layout (not_found)


Processing UsersController#index (for 127.0.0.1 at 2010-08-15 15:46:53) [GET]
  [4;36;1mUser Load (0.5ms)[0m   [0;1mSELECT * FROM "users" [0m
Rendering template within layouts/users
Rendering users/index
Completed in 12ms (View: 7, DB: 0) | 200 OK [http://localhost/users/]


Processing ApplicationController#index (for 127.0.0.1 at 2010-08-15 15:46:53) [GET]
  Parameters: {"1281911628"=>nil}

ActionController::RoutingError (No route matches "/system/avatars/1/size100x100/00%20Broken%20Bells%20-%20The%20High%20Road%20-%202010.jpeg" with {:method=>:get}):
  

Rendering rescues/layout (not_found)


Processing UsersController#index (for 127.0.0.1 at 2010-08-15 15:46:53) [GET]
  [4;35;1mUser Load (0.5ms)[0m   [0mSELECT * FROM "users" [0m
Rendering template within layouts/users
Rendering users/index
Completed in 13ms (View: 7, DB: 0) | 200 OK [http://localhost/users/]


Processing ApplicationController#index (for 127.0.0.1 at 2010-08-15 15:46:53) [GET]
  Parameters: {"1281911628"=>nil}

ActionController::RoutingError (No route matches "/system/avatars/1/size100x100/00%20Broken%20Bells%20-%20The%20High%20Road%20-%202010.jpeg" with {:method=>:get}):
  

Rendering rescues/layout (not_found)


Processing UsersController#index (for 127.0.0.1 at 2010-08-15 15:49:09) [GET]
  [4;36;1mUser Load (0.4ms)[0m   [0;1mSELECT * FROM "users" [0m
Rendering template within layouts/users
Rendering users/index
Completed in 16ms (View: 11, DB: 0) | 200 OK [http://localhost/users/]


Processing ApplicationController#index (for 127.0.0.1 at 2010-08-15 15:49:09) [GET]
  Parameters: {"1281911628"=>nil}

ActionController::RoutingError (No route matches "/system/avatars/1/optionssize100x100/00%20Broken%20Bells%20-%20The%20High%20Road%20-%202010.jpeg" with {:method=>:get}):
  

Rendering rescues/layout (not_found)


Processing UsersController#index (for 127.0.0.1 at 2010-08-15 15:49:10) [GET]
  [4;35;1mUser Load (0.4ms)[0m   [0mSELECT * FROM "users" [0m
Rendering template within layouts/users
Rendering users/index
Completed in 13ms (View: 7, DB: 0) | 200 OK [http://localhost/users/]


Processing ApplicationController#index (for 127.0.0.1 at 2010-08-15 15:49:10) [GET]
  Parameters: {"1281911628"=>nil}

ActionController::RoutingError (No route matches "/system/avatars/1/optionssize100x100/00%20Broken%20Bells%20-%20The%20High%20Road%20-%202010.jpeg" with {:method=>:get}):
  

Rendering rescues/layout (not_found)


Processing UsersController#index (for 127.0.0.1 at 2010-08-15 15:50:08) [GET]
  [4;36;1mUser Load (0.4ms)[0m   [0;1mSELECT * FROM "users" [0m
Rendering template within layouts/users
Rendering users/index
Completed in 16ms (View: 11, DB: 0) | 200 OK [http://localhost/users/]


Processing ApplicationController#index (for 127.0.0.1 at 2010-08-15 15:50:08) [GET]
  Parameters: {"1281911628"=>nil}

ActionController::RoutingError (No route matches "/system/avatars/1/optionsheight100/00%20Broken%20Bells%20-%20The%20High%20Road%20-%202010.jpeg" with {:method=>:get}):
  

Rendering rescues/layout (not_found)


Processing UsersController#index (for 127.0.0.1 at 2010-08-15 15:50:10) [GET]
  [4;35;1mUser Load (0.4ms)[0m   [0mSELECT * FROM "users" [0m
Rendering template within layouts/users
Rendering users/index
Completed in 79ms (View: 73, DB: 0) | 200 OK [http://localhost/users/]


Processing ApplicationController#index (for 127.0.0.1 at 2010-08-15 15:50:10) [GET]
  Parameters: {"1281911628"=>nil}

ActionController::RoutingError (No route matches "/system/avatars/1/optionsheight100/00%20Broken%20Bells%20-%20The%20High%20Road%20-%202010.jpeg" with {:method=>:get}):
  

Rendering rescues/layout (not_found)


Processing UsersController#index (for 127.0.0.1 at 2010-08-15 15:50:10) [GET]
  [4;36;1mUser Load (0.4ms)[0m   [0;1mSELECT * FROM "users" [0m
Rendering template within layouts/users
Rendering users/index
Completed in 13ms (View: 7, DB: 0) | 200 OK [http://localhost/users/]


Processing ApplicationController#index (for 127.0.0.1 at 2010-08-15 15:50:10) [GET]
  Parameters: {"1281911628"=>nil}

ActionController::RoutingError (No route matches "/system/avatars/1/optionsheight100/00%20Broken%20Bells%20-%20The%20High%20Road%20-%202010.jpeg" with {:method=>:get}):
  

Rendering rescues/layout (not_found)


Processing UsersController#index (for 127.0.0.1 at 2010-08-15 15:50:41) [GET]
  [4;35;1mUser Load (0.4ms)[0m   [0mSELECT * FROM "users" [0m
Rendering template within layouts/users
Rendering users/index
Completed in 17ms (View: 11, DB: 0) | 200 OK [http://localhost/users/]


Processing ApplicationController#index (for 127.0.0.1 at 2010-08-15 15:50:41) [GET]
  Parameters: {"1281911628"=>nil}

ActionController::RoutingError (No route matches "/system/avatars/1/height100/00%20Broken%20Bells%20-%20The%20High%20Road%20-%202010.jpeg" with {:method=>:get}):
  

Rendering rescues/layout (not_found)


Processing UsersController#index (for 127.0.0.1 at 2010-08-15 15:50:42) [GET]
  [4;36;1mUser Load (0.4ms)[0m   [0;1mSELECT * FROM "users" [0m
Rendering template within layouts/users
Rendering users/index
Completed in 12ms (View: 7, DB: 0) | 200 OK [http://localhost/users/]


Processing ApplicationController#index (for 127.0.0.1 at 2010-08-15 15:50:42) [GET]
  Parameters: {"1281911628"=>nil}

ActionController::RoutingError (No route matches "/system/avatars/1/height100/00%20Broken%20Bells%20-%20The%20High%20Road%20-%202010.jpeg" with {:method=>:get}):
  

Rendering rescues/layout (not_found)


Processing UsersController#index (for 127.0.0.1 at 2010-08-15 15:50:42) [GET]
  [4;35;1mUser Load (0.5ms)[0m   [0mSELECT * FROM "users" [0m
Rendering template within layouts/users
Rendering users/index
Completed in 14ms (View: 8, DB: 0) | 200 OK [http://localhost/users/]


Processing ApplicationController#index (for 127.0.0.1 at 2010-08-15 15:50:42) [GET]
  Parameters: {"1281911628"=>nil}

ActionController::RoutingError (No route matches "/system/avatars/1/height100/00%20Broken%20Bells%20-%20The%20High%20Road%20-%202010.jpeg" with {:method=>:get}):
  

Rendering rescues/layout (not_found)


Processing UsersController#index (for 127.0.0.1 at 2010-08-15 15:51:06) [GET]
  [4;36;1mUser Load (0.4ms)[0m   [0;1mSELECT * FROM "users" [0m
Rendering template within layouts/users
Rendering users/index
Completed in 17ms (View: 11, DB: 0) | 200 OK [http://localhost/users/]


Processing UsersController#index (for 127.0.0.1 at 2010-08-15 15:51:07) [GET]
  [4;35;1mUser Load (0.5ms)[0m   [0mSELECT * FROM "users" [0m
Rendering template within layouts/users
Rendering users/index
Completed in 13ms (View: 7, DB: 0) | 200 OK [http://localhost/users/]


Processing UsersController#index (for 127.0.0.1 at 2010-08-15 15:51:20) [GET]
  [4;36;1mUser Load (0.5ms)[0m   [0;1mSELECT * FROM "users" [0m
Rendering template within layouts/users
Rendering users/index
Completed in 17ms (View: 11, DB: 0) | 200 OK [http://localhost/users/]


Processing UsersController#index (for 127.0.0.1 at 2010-08-15 16:00:23) [GET]
  [4;35;1mUser Load (0.4ms)[0m   [0mSELECT * FROM "users" [0m
Rendering template within layouts/users
Rendering users/index
Completed in 20ms (View: 14, DB: 0) | 200 OK [http://localhost/users/]


Processing ApplicationController#index (for 127.0.0.1 at 2010-08-15 16:00:23) [GET]

ActionController::RoutingError (No route matches "/stylesheets/prettyindex.css" with {:method=>:get}):
  

Rendering rescues/layout (not_found)


Processing UsersController#index (for 127.0.0.1 at 2010-08-15 16:00:24) [GET]
  [4;36;1mUser Load (0.5ms)[0m   [0;1mSELECT * FROM "users" [0m
Rendering template within layouts/users
Rendering users/index
Completed in 13ms (View: 7, DB: 0) | 200 OK [http://localhost/users/]


Processing ApplicationController#index (for 127.0.0.1 at 2010-08-15 16:00:25) [GET]

ActionController::RoutingError (No route matches "/stylesheets/prettyindex.css" with {:method=>:get}):
  

Rendering rescues/layout (not_found)


Processing UsersController#index (for 127.0.0.1 at 2010-08-15 16:00:41) [GET]
  [4;35;1mUser Load (0.4ms)[0m   [0mSELECT * FROM "users" [0m
Rendering template within layouts/users
Rendering users/index
Completed in 15ms (View: 11, DB: 0) | 200 OK [http://localhost/users/]


Processing UsersController#index (for 127.0.0.1 at 2010-08-15 16:00:47) [GET]
  [4;36;1mUser Load (0.5ms)[0m   [0;1mSELECT * FROM "users" [0m
Rendering template within layouts/users
Rendering users/index
Completed in 13ms (View: 7, DB: 0) | 200 OK [http://localhost/users/]


Processing UsersController#index (for 127.0.0.1 at 2010-08-15 16:02:37) [GET]
  [4;35;1mUser Load (0.5ms)[0m   [0mSELECT * FROM "users" [0m
Rendering template within layouts/users
Rendering users/index
Completed in 17ms (View: 11, DB: 0) | 200 OK [http://localhost/users/]


Processing ApplicationController#index (for 127.0.0.1 at 2010-08-15 16:02:37) [GET]
  Parameters: {"1281911628"=>nil}

ActionController::RoutingError (No route matches "/system/avatars/1/optionidresize/00%20Broken%20Bells%20-%20The%20High%20Road%20-%202010.jpeg" with {:method=>:get}):
  

Rendering rescues/layout (not_found)


Processing UsersController#index (for 127.0.0.1 at 2010-08-15 16:02:38) [GET]
  [4;36;1mUser Load (0.4ms)[0m   [0;1mSELECT * FROM "users" [0m
Rendering template within layouts/users
Rendering users/index
Completed in 12ms (View: 7, DB: 0) | 200 OK [http://localhost/users/]


Processing ApplicationController#index (for 127.0.0.1 at 2010-08-15 16:02:38) [GET]
  Parameters: {"1281911628"=>nil}

ActionController::RoutingError (No route matches "/system/avatars/1/optionidresize/00%20Broken%20Bells%20-%20The%20High%20Road%20-%202010.jpeg" with {:method=>:get}):
  

Rendering rescues/layout (not_found)


Processing UsersController#index (for 127.0.0.1 at 2010-08-15 16:05:31) [GET]
  [4;35;1mUser Load (0.6ms)[0m   [0mSELECT * FROM "users" [0m
Rendering template within layouts/users
Rendering users/index
Completed in 17ms (View: 11, DB: 1) | 200 OK [http://localhost/users/]


Processing UsersController#index (for 127.0.0.1 at 2010-08-15 16:06:20) [GET]
  [4;36;1mUser Load (0.4ms)[0m   [0;1mSELECT * FROM "users" [0m
Rendering template within layouts/users
Rendering users/index
Completed in 16ms (View: 11, DB: 0) | 200 OK [http://localhost/users/]


Processing UsersController#show (for 127.0.0.1 at 2010-08-15 16:11:04) [GET]
  Parameters: {"id"=>"3"}
  [4;35;1mUser Load (0.1ms)[0m   [0mSELECT * FROM "users" WHERE ("users"."id" = 3) [0m

ActiveRecord::RecordNotFound (Couldn't find User with ID=3):
  app/controllers/users_controller.rb:16:in `show'

Rendered rescues/_trace (32.4ms)
Rendered rescues/_request_and_response (0.3ms)
Rendering rescues/layout (not_found)


Processing UsersController#show (for 127.0.0.1 at 2010-08-15 16:12:58) [GET]
  Parameters: {"id"=>"1"}
  [4;36;1mUser Load (0.2ms)[0m   [0;1mSELECT * FROM "users" WHERE ("users"."id" = 1) [0m
Rendering template within layouts/users
Rendering users/show
Completed in 11ms (View: 5, DB: 0) | 200 OK [http://localhost/users/1]


Processing UsersController#show (for 127.0.0.1 at 2010-08-15 16:13:04) [GET]
  Parameters: {"id"=>"1fdssfs"}
  [4;35;1mUser Load (0.3ms)[0m   [0mSELECT * FROM "users" WHERE ("users"."id" = 1) [0m
Rendering template within layouts/users
Rendering users/show
Completed in 12ms (View: 5, DB: 0) | 200 OK [http://localhost/users/1fdssfs]


Processing UsersController#show (for 127.0.0.1 at 2010-08-15 16:13:07) [GET]
  Parameters: {"id"=>"1fdssfs"}
  [4;36;1mUser Load (0.2ms)[0m   [0;1mSELECT * FROM "users" WHERE ("users"."id" = 1) [0m
Rendering template within layouts/users
Rendering users/show
Completed in 11ms (View: 5, DB: 0) | 200 OK [http://localhost/users/1fdssfs]


Processing UsersController#show (for 127.0.0.1 at 2010-08-15 16:13:14) [GET]
  Parameters: {"id"=>"3fdssfs"}
  [4;35;1mUser Load (0.2ms)[0m   [0mSELECT * FROM "users" WHERE ("users"."id" = 3) [0m

ActiveRecord::RecordNotFound (Couldn't find User with ID=3fdssfs):
  app/controllers/users_controller.rb:16:in `show'

Rendered rescues/_trace (31.4ms)
Rendered rescues/_request_and_response (0.3ms)
Rendering rescues/layout (not_found)


Processing UsersController#show (for 127.0.0.1 at 2010-08-15 16:13:22) [GET]
  Parameters: {"id"=>"3"}
  [4;36;1mUser Load (0.1ms)[0m   [0;1mSELECT * FROM "users" WHERE ("users"."id" = 3) [0m

ActiveRecord::RecordNotFound (Couldn't find User with ID=3):
  app/controllers/users_controller.rb:16:in `show'

Rendered rescues/_trace (31.6ms)
Rendered rescues/_request_and_response (0.3ms)
Rendering rescues/layout (not_found)


Processing UsersController#show (for 127.0.0.1 at 2010-08-15 16:14:16) [GET]
  Parameters: {"id"=>"3"}
  [4;35;1mUser Load (0.1ms)[0m   [0mSELECT * FROM "users" WHERE ("users"."id" = 3) [0m

ActiveRecord::RecordNotFound (Couldn't find User with ID=3):
  app/controllers/users_controller.rb:16:in `show'

Rendered rescues/_trace (103.1ms)
Rendered rescues/_request_and_response (0.3ms)
Rendering rescues/layout (not_found)


Processing UsersController#show (for 127.0.0.1 at 2010-08-15 16:14:18) [GET]
  Parameters: {"id"=>"3"}
  [4;36;1mUser Load (0.2ms)[0m   [0;1mSELECT * FROM "users" WHERE ("users"."id" = 3) [0m

ActiveRecord::RecordNotFound (Couldn't find User with ID=3):
  app/controllers/users_controller.rb:16:in `show'

Rendered rescues/_trace (31.3ms)
Rendered rescues/_request_and_response (0.3ms)
Rendering rescues/layout (not_found)


Processing UsersController#show (for 127.0.0.1 at 2010-08-15 16:14:49) [GET]
  Parameters: {"id"=>"3"}
  [4;35;1mUser Load (0.1ms)[0m   [0mSELECT * FROM "users" WHERE ("users"."id" = 3) [0m


Processing ApplicationController#show (for 127.0.0.1 at 2010-08-15 16:14:49) [GET]
  Parameters: {"id"=>"3"}

NameError (undefined method `show_errors' for class `UsersController'):
  

Rendered rescues/_trace (100.1ms)
Rendered rescues/_request_and_response (0.3ms)
Rendering rescues/layout (internal_server_error)


Processing UsersController#show (for 127.0.0.1 at 2010-08-15 16:20:17) [GET]
  Parameters: {"id"=>"3"}
  [4;36;1mUser Load (0.1ms)[0m   [0;1mSELECT * FROM "users" WHERE ("users"."id" = 3) [0m


Processing ApplicationController#show (for 127.0.0.1 at 2010-08-15 16:20:17) [GET]
  Parameters: {"id"=>"3"}

ActionView::MissingTemplate (Missing template users/_404.erb in view path app/views):
  app/controllers/application_controller.rb:11:in `render_404'

Rendering rescues/layout (internal_server_error)


Processing UsersController#show (for 127.0.0.1 at 2010-08-15 16:20:30) [GET]
  Parameters: {"id"=>"3"}
  [4;35;1mUser Load (0.1ms)[0m   [0mSELECT * FROM "users" WHERE ("users"."id" = 3) [0m


Processing ApplicationController#show (for 127.0.0.1 at 2010-08-15 16:20:30) [GET]
  Parameters: {"id"=>"3"}

NameError (`@404' is not allowed as an instance variable name):
  app/controllers/application_controller.rb:11:in `render_404'

Rendered rescues/_trace (32.1ms)
Rendered rescues/_request_and_response (0.3ms)
Rendering rescues/layout (internal_server_error)


Processing UsersController#show (for 127.0.0.1 at 2010-08-15 16:21:18) [GET]
  Parameters: {"id"=>"3"}
  [4;36;1mUser Load (0.1ms)[0m   [0;1mSELECT * FROM "users" WHERE ("users"."id" = 3) [0m
Rendered common/_error404 (0.5ms)


Processing UsersController#show (for 127.0.0.1 at 2010-08-15 16:21:22) [GET]
  Parameters: {"id"=>"3"}
  [4;35;1mUser Load (0.1ms)[0m   [0mSELECT * FROM "users" WHERE ("users"."id" = 3) [0m
Rendered common/_error404 (0.2ms)


Processing UsersController#index (for 127.0.0.1 at 2010-08-15 16:21:37) [GET]
  [4;36;1mUser Load (0.4ms)[0m   [0;1mSELECT * FROM "users" [0m
Rendering template within layouts/users
Rendering users/index
Completed in 13ms (View: 7, DB: 0) | 200 OK [http://localhost/users]


Processing UsersController#show (for 127.0.0.1 at 2010-08-15 16:21:41) [GET]
  Parameters: {"id"=>"1"}
  [4;35;1mUser Load (0.2ms)[0m   [0mSELECT * FROM "users" WHERE ("users"."id" = 1) [0m
Rendering template within layouts/users
Rendering users/show
Completed in 12ms (View: 6, DB: 0) | 200 OK [http://localhost/users/1]


Processing UsersController#show (for 127.0.0.1 at 2010-08-15 16:21:45) [GET]
  Parameters: {"id"=>"2"}
  [4;36;1mUser Load (0.1ms)[0m   [0;1mSELECT * FROM "users" WHERE ("users"."id" = 2) [0m
Rendered common/_error404 (0.2ms)


Processing UsersController#show (for 127.0.0.1 at 2010-08-15 16:22:05) [GET]
  Parameters: {"id"=>"2"}
  [4;35;1mUser Load (0.1ms)[0m   [0mSELECT * FROM "users" WHERE ("users"."id" = 2) [0m
Rendered common/_error404 (0.2ms)


Processing UsersController#show (for 127.0.0.1 at 2010-08-15 16:22:07) [GET]
  Parameters: {"id"=>"2"}
  [4;36;1mUser Load (0.1ms)[0m   [0;1mSELECT * FROM "users" WHERE ("users"."id" = 2) [0m
Rendered common/_error404 (0.2ms)


Processing UsersController#show (for 127.0.0.1 at 2010-08-15 16:22:13) [GET]
  Parameters: {"id"=>"2"}
  [4;35;1mUser Load (0.1ms)[0m   [0mSELECT * FROM "users" WHERE ("users"."id" = 2) [0m
Rendered common/_error404 (0.2ms)


Processing UsersController#show (for 127.0.0.1 at 2010-08-15 16:22:16) [GET]
  Parameters: {"id"=>"2"}
  [4;36;1mUser Load (0.1ms)[0m   [0;1mSELECT * FROM "users" WHERE ("users"."id" = 2) [0m
Rendered common/_error404 (0.2ms)


Processing UsersController#show (for 127.0.0.1 at 2010-08-15 16:22:25) [GET]
  Parameters: {"id"=>"2"}
  [4;35;1mUser Load (0.1ms)[0m   [0mSELECT * FROM "users" WHERE ("users"."id" = 2) [0m
Rendered common/_error404 (0.2ms)


Processing UsersController#show (for 127.0.0.1 at 2010-08-15 16:22:26) [GET]
  Parameters: {"id"=>"2"}
  [4;36;1mUser Load (0.1ms)[0m   [0;1mSELECT * FROM "users" WHERE ("users"."id" = 2) [0m
Rendered common/_error404 (0.2ms)


Processing UsersController#show (for 127.0.0.1 at 2010-08-15 16:22:26) [GET]
  Parameters: {"id"=>"2"}
  [4;35;1mUser Load (0.1ms)[0m   [0mSELECT * FROM "users" WHERE ("users"."id" = 2) [0m
Rendered common/_error404 (0.2ms)
